# JRE version: Java(TM) SE Runtime Environment (8.0_191-b12) (build 1.8.0_191-b12)
# Java VM: Java HotSpot(TM) Client VM (25.191-b12 mixed mode windows-x86 )
Heap after GC invocations=4 (full 1):
 def new generation   total 39424K, used 4304K [0x04a00000, 0x074c0000, 0x0f4a0000)
  eden space 35072K,   0% used [0x04a00000, 0x04a00000, 0x06c40000)
  from space 4352K,  98% used [0x07080000, 0x074b41e8, 0x074c0000)
  to   space 4352K,   0% used [0x06c40000, 0x06c40000, 0x07080000)
 tenured generation   total 87424K, used 29268K [0x0f4a0000, 0x14a00000, 0x24a00000)
   the space 87424K,  33% used [0x0f4a0000, 0x11135020, 0x11135200, 0x14a00000)
 Metaspace       used 16068K, capacity 16466K, committed 16512K, reserved 16768K
Heap after GC invocations=5 (full 1):
 def new generation   total 39424K, used 1032K [0x04a00000, 0x074c0000, 0x0f4a0000)
  eden space 35072K,   0% used [0x04a00000, 0x04a00000, 0x06c40000)
  from space 4352K,  23% used [0x06c40000, 0x06d421e0, 0x07080000)
  to   space 4352K,   0% used [0x07080000, 0x07080000, 0x074c0000)
 tenured generation   total 87424K, used 30588K [0x0f4a0000, 0x14a00000, 0x24a00000)
   the space 87424K,  34% used [0x0f4a0000, 0x1127f300, 0x1127f400, 0x14a00000)
 Metaspace       used 16659K, capacity 17062K, committed 17152K, reserved 17792K
Heap after GC invocations=6 (full 1):
 def new generation   total 39424K, used 4352K [0x04a00000, 0x074c0000, 0x0f4a0000)
  eden space 35072K,   0% used [0x04a00000, 0x04a00000, 0x06c40000)
  from space 4352K, 100% used [0x07080000, 0x074c0000, 0x074c0000)
  to   space 4352K,   0% used [0x06c40000, 0x06c40000, 0x07080000)
 tenured generation   total 87424K, used 32505K [0x0f4a0000, 0x14a00000, 0x24a00000)
   the space 87424K,  37% used [0x0f4a0000, 0x1145e660, 0x1145e800, 0x14a00000)
 Metaspace       used 19226K, capacity 19716K, committed 19840K, reserved 19840K
Heap after GC invocations=7 (full 2):
 def new generation   total 39424K, used 0K [0x04a00000, 0x074c0000, 0x0f4a0000)
  eden space 35072K,   0% used [0x04a00000, 0x04a00000, 0x06c40000)
  from space 4352K,   0% used [0x07080000, 0x07080000, 0x074c0000)
  to   space 4352K,   0% used [0x06c40000, 0x06c40000, 0x07080000)
 tenured generation   total 87424K, used 34097K [0x0f4a0000, 0x14a00000, 0x24a00000)
   the space 87424K,  39% used [0x0f4a0000, 0x115ec658, 0x115ec800, 0x14a00000)
 Metaspace       used 19944K, capacity 20433K, committed 20480K, reserved 20864K
Heap after GC invocations=8 (full 2):
 def new generation   total 39424K, used 4352K [0x04a00000, 0x074c0000, 0x0f4a0000)
  eden space 35072K,   0% used [0x04a00000, 0x04a00000, 0x06c40000)
  from space 4352K, 100% used [0x06c40000, 0x07080000, 0x07080000)
  to   space 4352K,   0% used [0x07080000, 0x07080000, 0x074c0000)
 tenured generation   total 87424K, used 39357K [0x0f4a0000, 0x14a00000, 0x24a00000)
   the space 87424K,  45% used [0x0f4a0000, 0x11b0f480, 0x11b0f600, 0x14a00000)
 Metaspace       used 23282K, capacity 23911K, committed 23936K, reserved 23936K
