# JRE version: Java(TM) SE Runtime Environment (8.0_191-b12) (build 1.8.0_191-b12)
# Java VM: Java HotSpot(TM) Client VM (25.191-b12 mixed mode windows-x86 )
Heap:
 def new generation   total 39424K, used 7338K [0x05200000, 0x07cc0000, 0x0fca0000)
  eden space 35072K,  19% used [0x05200000, 0x0588dab8, 0x07440000)
  from space 4352K,  14% used [0x07880000, 0x0791ce88, 0x07cc0000)
  to   space 4352K,   0% used [0x07440000, 0x07440000, 0x07880000)
 tenured generation   total 87424K, used 48089K [0x0fca0000, 0x15200000, 0x25200000)
   the space 87424K,  55% used [0x0fca0000, 0x12b96680, 0x12b96800, 0x15200000)
 Metaspace       used 24179K, capacity 24852K, committed 24960K, reserved 24960K
GC Heap History (10 events):
Event: 9837.935 GC heap before
{Heap before GC invocations=32 (full 2):
 def new generation   total 39424K, used 35689K [0x05200000, 0x07cc0000, 0x0fca0000)
  eden space 35072K, 100% used [0x05200000, 0x07440000, 0x07440000)
  from space 4352K,  14% used [0x07440000, 0x074da660, 0x07880000)
  to   space 4352K,   0% used [0x07880000, 0x07880000, 0x07cc0000)
 tenured generation   total 87424K, used 47925K [0x0fca0000, 0x15200000, 0x25200000)
   the space 87424K,  54% used [0x0fca0000, 0x12b6d628, 0x12b6d800, 0x15200000)
 Metaspace       used 24179K, capacity 24852K, committed 24960K, reserved 24960K
Event: 9837.942 GC heap after
Heap after GC invocations=33 (full 2):
 def new generation   total 39424K, used 545K [0x05200000, 0x07cc0000, 0x0fca0000)
  eden space 35072K,   0% used [0x05200000, 0x05200000, 0x07440000)
  from space 4352K,  12% used [0x07880000, 0x07908480, 0x07cc0000)
  to   space 4352K,   0% used [0x07440000, 0x07440000, 0x07880000)
 tenured generation   total 87424K, used 48081K [0x0fca0000, 0x15200000, 0x25200000)
   the space 87424K,  54% used [0x0fca0000, 0x12b946a0, 0x12b94800, 0x15200000)
 Metaspace       used 24179K, capacity 24852K, committed 24960K, reserved 24960K
}
Event: 9901.988 GC heap before
{Heap before GC invocations=33 (full 2):
 def new generation   total 39424K, used 35617K [0x05200000, 0x07cc0000, 0x0fca0000)
  eden space 35072K, 100% used [0x05200000, 0x07440000, 0x07440000)
  from space 4352K,  12% used [0x07880000, 0x07908480, 0x07cc0000)
  to   space 4352K,   0% used [0x07440000, 0x07440000, 0x07880000)
 tenured generation   total 87424K, used 48081K [0x0fca0000, 0x15200000, 0x25200000)
   the space 87424K,  54% used [0x0fca0000, 0x12b946a0, 0x12b94800, 0x15200000)
 Metaspace       used 24179K, capacity 24852K, committed 24960K, reserved 24960K
Event: 9901.998 GC heap after
Heap after GC invocations=34 (full 2):
 def new generation   total 39424K, used 656K [0x05200000, 0x07cc0000, 0x0fca0000)
  eden space 35072K,   0% used [0x05200000, 0x05200000, 0x07440000)
  from space 4352K,  15% used [0x07440000, 0x074e4098, 0x07880000)
  to   space 4352K,   0% used [0x07880000, 0x07880000, 0x07cc0000)
 tenured generation   total 87424K, used 48083K [0x0fca0000, 0x15200000, 0x25200000)
   the space 87424K,  55% used [0x0fca0000, 0x12b94ce0, 0x12b94e00, 0x15200000)
 Metaspace       used 24179K, capacity 24852K, committed 24960K, reserved 24960K
}
Event: 9973.633 GC heap before
{Heap before GC invocations=34 (full 2):
 def new generation   total 39424K, used 35728K [0x05200000, 0x07cc0000, 0x0fca0000)
  eden space 35072K, 100% used [0x05200000, 0x07440000, 0x07440000)
  from space 4352K,  15% used [0x07440000, 0x074e4098, 0x07880000)
  to   space 4352K,   0% used [0x07880000, 0x07880000, 0x07cc0000)
 tenured generation   total 87424K, used 48083K [0x0fca0000, 0x15200000, 0x25200000)
   the space 87424K,  55% used [0x0fca0000, 0x12b94ce0, 0x12b94e00, 0x15200000)
 Metaspace       used 24179K, capacity 24852K, committed 24960K, reserved 24960K
Event: 9973.639 GC heap after
Heap after GC invocations=35 (full 2):
 def new generation   total 39424K, used 631K [0x05200000, 0x07cc0000, 0x0fca0000)
  eden space 35072K,   0% used [0x05200000, 0x05200000, 0x07440000)
  from space 4352K,  14% used [0x07880000, 0x0791dea8, 0x07cc0000)
  to   space 4352K,   0% used [0x07440000, 0x07440000, 0x07880000)
 tenured generation   total 87424K, used 48087K [0x0fca0000, 0x15200000, 0x25200000)
   the space 87424K,  55% used [0x0fca0000, 0x12b95c70, 0x12b95e00, 0x15200000)
 Metaspace       used 24179K, capacity 24852K, committed 24960K, reserved 24960K
}
Event: 10062.310 GC heap before
{Heap before GC invocations=35 (full 2):
 def new generation   total 39424K, used 35703K [0x05200000, 0x07cc0000, 0x0fca0000)
  eden space 35072K, 100% used [0x05200000, 0x07440000, 0x07440000)
  from space 4352K,  14% used [0x07880000, 0x0791dea8, 0x07cc0000)
  to   space 4352K,   0% used [0x07440000, 0x07440000, 0x07880000)
 tenured generation   total 87424K, used 48087K [0x0fca0000, 0x15200000, 0x25200000)
   the space 87424K,  55% used [0x0fca0000, 0x12b95c70, 0x12b95e00, 0x15200000)
 Metaspace       used 24179K, capacity 24852K, committed 24960K, reserved 24960K
Event: 10062.317 GC heap after
Heap after GC invocations=36 (full 2):
 def new generation   total 39424K, used 505K [0x05200000, 0x07cc0000, 0x0fca0000)
  eden space 35072K,   0% used [0x05200000, 0x05200000, 0x07440000)
  from space 4352K,  11% used [0x07440000, 0x074be6f0, 0x07880000)
  to   space 4352K,   0% used [0x07880000, 0x07880000, 0x07cc0000)
 tenured generation   total 87424K, used 48088K [0x0fca0000, 0x15200000, 0x25200000)
   the space 87424K,  55% used [0x0fca0000, 0x12b96218, 0x12b96400, 0x15200000)
 Metaspace       used 24179K, capacity 24852K, committed 24960K, reserved 24960K
}
Event: 10298.386 GC heap before
{Heap before GC invocations=36 (full 2):
 def new generation   total 39424K, used 35577K [0x05200000, 0x07cc0000, 0x0fca0000)
  eden space 35072K, 100% used [0x05200000, 0x07440000, 0x07440000)
  from space 4352K,  11% used [0x07440000, 0x074be6f0, 0x07880000)
  to   space 4352K,   0% used [0x07880000, 0x07880000, 0x07cc0000)
 tenured generation   total 87424K, used 48088K [0x0fca0000, 0x15200000, 0x25200000)
   the space 87424K,  55% used [0x0fca0000, 0x12b96218, 0x12b96400, 0x15200000)
 Metaspace       used 24179K, capacity 24852K, committed 24960K, reserved 24960K
Event: 10298.393 GC heap after
Heap after GC invocations=37 (full 2):
 def new generation   total 39424K, used 627K [0x05200000, 0x07cc0000, 0x0fca0000)
  eden space 35072K,   0% used [0x05200000, 0x05200000, 0x07440000)
  from space 4352K,  14% used [0x07880000, 0x0791ce88, 0x07cc0000)
  to   space 4352K,   0% used [0x07440000, 0x07440000, 0x07880000)
 tenured generation   total 87424K, used 48089K [0x0fca0000, 0x15200000, 0x25200000)
   the space 87424K,  55% used [0x0fca0000, 0x12b96680, 0x12b96800, 0x15200000)
 Metaspace       used 24179K, capacity 24852K, committed 24960K, reserved 24960K
}

